<?xml version="1.0" encoding="UTF-8"?>
<!-- Generated by org.testng.reporters.JUnitXMLReporter -->
<testsuite ignored="0" hostname="DESKTOP-1DRG44F" failures="0" tests="5" name="Test" time="60.636" errors="0" timestamp="2024-08-03T17:15:11 IST">
  <testcase classname="testPackage.ValidLoginTestCase" name="validLoginTC" time="2.998"/>
  <testcase classname="testPackage.InvalidLoginTestCase" name="invalidLoginTC" time="8.93"/>
  <testcase classname="testPackage.AddToCartTestCase" name="addToCartTC" time="1.745"/>
  <testcase classname="testPackage.RemoveProductFromCartTestCase" name="removeProductTC" time="4.81"/>
  <testcase classname="testPackage.BuyProductTestCase" name="buyProductTC" time="16.721"/>
</testsuite> <!-- Test -->
