<?xml version="1.0" encoding="UTF-8"?>
<!-- Generated by org.testng.reporters.JUnitXMLReporter -->
<testsuite ignored="0" hostname="DESKTOP-1DRG44F" failures="0" tests="6" name="Surefire test" time="65.994" errors="0" timestamp="2024-08-02T17:12:56 IST">
  <testcase classname="testPackage.AddToCartTestCase" name="addToCartTC" time="1.967"/>
  <testcase classname="testPackage.BuyProductTestCase" name="buyProductTC" time="13.201"/>
  <testcase classname="testPackage.InvalidLoginTestCase" name="invalidLoginTC" time="9.611"/>
  <testcase classname="testPackage.RegisterTestCase" name="registerTC" time="2.447"/>
  <testcase classname="testPackage.RemoveProductFromCartTestCase" name="removeProductTC" time="5.113"/>
  <testcase classname="testPackage.ValidLoginTestCase" name="validLoginTC" time="1.981"/>
</testsuite> <!-- Surefire test -->
